    766 - -
      1 Albania Elbasan
      8 Algeria Batna
      3 Algeria Biskra
      2 Algeria Khenchela
      1 Algeria Ouargla
      1 Algeria Oum el Bouaghi
      3 Algeria Tebessa
      1 Algeria Tipaza
      1 Argentina Ciudad Autonoma de Buenos Aires
      4 Argentina Cordoba
      1 Argentina San Juan
     31 Australia Australian Capital Territory
     64 Australia New South Wales
     73 Australia Queensland
      5 Australia South Australia
      3 Australia Tasmania
     23 Australia Victoria
     13 Australia Western Australia
      2 Austria Niederosterreich
      2 Austria Oberosterreich
      2 Austria Steiermark
      2 Austria Vorarlberg
     10 Austria Wien
      3 Belarus Horad Minsk
      1 Belarus Mahilyowskaya voblasts'
      6 Belarus Minskaya voblasts'
     13 Belgium -
      7 Belgium Antwerpen
      1 Belgium Brabant wallon
     15 Belgium Brussels Hoofdstedelijk Gewest
      1 Belgium Hainaut
      8 Belgium Liege
      5 Belgium Limburg
      7 Belgium Oost-Vlaanderen
      7 Belgium Vlaams-Brabant
      2 Belgium West-Vlaanderen
      7 Bolivia, Plurinational State of La Paz
     11 Brazil Bahia
      2 Brazil Distrito Federal
      2 Brazil Espirito Santo
      2 Brazil Goias
      3 Brazil Mato Grosso
      2 Brazil Minas Gerais
      2 Brazil Paraiba
      5 Brazil Parana
      1 Brazil Pernambuco
     21 Brazil Rio de Janeiro
      5 Brazil Rio Grande do Sul
      7 Brazil Santa Catarina
    129 Brazil Sao Paulo
     29 Brazil Sergipe
      2 Bulgaria Pernik
      1 Bulgaria Sofia
     19 Bulgaria Sofia (stolitsa)
     31 Canada Alberta
     16 Canada British Columbia
      1 Canada Nova Scotia
     78 Canada Ontario
     72 Canada Quebec
      1 Chile Arica y Parinacota
      1 Chile Libertador General Bernardo O'Higgins
      1 Chile Region Metropolitana de Santiago
      1 China Beijing
      1 China Guangdong
      1 China Guizhou
      1 China Jilin
     14 China Liaoning
      2 China Zhejiang
      1 Colombia Atlantico
      1 Colombia Cesar
      1 Colombia Cundinamarca
      1 Cote D'ivoire Abidjan
      2 Croatia Medimurska zupanija
      1 Croatia Osjecko-baranjska zupanija
      1 Croatia Pozesko-slavonska zupanija
      1 Croatia Varazdinska zupanija
     10 Curacao Curacao
      5 Czech Republic Jihocesky kraj
      5 Czech Republic Praha, Hlavni mesto
      1 Czech Republic Stredocesky kraj
      1 Czech Republic Ustecky kraj
      6 Denmark Hovedstaden
      3 Denmark Midtjylland
      1 Denmark Nordjylland
      1 Egypt Al Qalyubiyah
      1 Estonia Harjumaa
      1 Finland Kainuu
      4 Finland Pirkanmaa
     48 Finland Uusimaa
      3 France Auvergne-Rhone-Alpes
      1 France Bretagne
      2 France Grand-Est
    129 France Hauts-de-France
    117 France Ile-de-France
      1 France Occitanie
      1 France Pays-de-la-Loire
     13 France Provence-Alpes-Cote d'Azur
      2 Germany -
     70 Germany Baden-Wurttemberg
    254 Germany Bayern
     54 Germany Berlin
      9 Germany Hamburg
    406 Germany Hessen
      4 Germany Mecklenburg-Vorpommern
     20 Germany Niedersachsen
    105 Germany Nordrhein-Westfalen
     16 Germany Rheinland-Pfalz
      3 Germany Saarland
     37 Germany Sachsen
      9 Germany Sachsen-Anhalt
      4 Germany Schleswig-Holstein
      4 Germany Thuringen
      1 Ghana Greater Accra
      5 Greece Agion Oros
    139 Greece Attiki
      1 Greece Ionia Nisia
     11 Greece Kentriki Makedonia
      2 Greece Kriti
      1 Greece Peloponnisos
      1 Greece Thessalia
      1 Grenada Saint George
      5 Hong Kong Hong Kong (SAR)
      1 Hungary Tolna
      1 Hungary Vas
      1 India Andhra Pradesh
      7 India Delhi
      1 India Gujarat
      2 India Haryana
      5 India Karnataka
      2 India Kerala
      2 India Madhya Pradesh
     40 India Maharashtra
     14 India Odisha
      2 India Rajasthan
      2 India Tamil Nadu
      4 India Uttar Pradesh
      2 Indonesia Bali
      1 Indonesia Jawa Barat
     10 INVALID IPV4 ADDRESS INVALID IPV4 ADDRESS
      6 Iran, Islamic Republic of Alborz
      2 Iran, Islamic Republic of Azarbayjan-e Gharbi
      4 Iran, Islamic Republic of Azarbayjan-e Sharqi
      1 Iran, Islamic Republic of Esfahan
      1 Iran, Islamic Republic of Fars
      1 Iran, Islamic Republic of Hamadan
      1 Iran, Islamic Republic of Hormozgan
      1 Iran, Islamic Republic of Kerman
      1 Iran, Islamic Republic of Khorasan-e Razavi
      5 Iran, Islamic Republic of Mazandaran
     11 Iran, Islamic Republic of Tehran
      1 Iran, Islamic Republic of Yazd
      6 Ireland Dublin
      2 Israel HaMerkaz
      1 Israel HaTsafon
      1 Israel Hefa
      4 Israel Tel Aviv
      3 Israel Yerushalayim
      1 Italy Abruzzo
      3 Italy Emilia-Romagna
      2 Italy Lazio
     13 Italy Lombardia
      1 Italy Piemonte
      1 Italy Sardegna
      1 Italy Sicilia
     54 Italy Toscana
      4 Japan -
     66 Japan Aichi
      2 Japan Akita
      5 Japan Aomori
     53 Japan Chiba
      9 Japan Ehime
      1 Japan Fukui
     17 Japan Fukuoka
      6 Japan Fukushima
     18 Japan Gunma
     19 Japan Hiroshima
     65 Japan Hokkaido
     23 Japan Hyogo
      8 Japan Ibaraki
      2 Japan Ishikawa
      5 Japan Iwate
     10 Japan Kagawa
      4 Japan Kagoshima
     51 Japan Kanagawa
      7 Japan Kumamoto
      7 Japan Kyoto
      6 Japan Mie
      7 Japan Miyagi
      1 Japan Miyazaki
      7 Japan Nagano
      5 Japan Nagasaki
      3 Japan Nara
     12 Japan Niigata
      3 Japan Oita
     13 Japan Okayama
      8 Japan Okinawa
    152 Japan Osaka
     71 Japan Saitama
     10 Japan Shiga
      1 Japan Shimane
     19 Japan Shizuoka
     51 Japan Tochigi
      6 Japan Tokushima
   1337 Japan Tokyo
      2 Japan Tottori
     21 Japan Toyama
      4 Japan Wakayama
     10 Japan Yamaguchi
      4 Japan Yamanashi
      1 Kazakhstan Almaty
      2 Kazakhstan Aqmola oblysy
      2 Kazakhstan Pavlodar oblysy
      1 Korea, Republic of Busan-gwangyeoksi
     14 Korea, Republic of Chungcheongnam-do
      6 Korea, Republic of Daegu-gwangyeoksi
      1 Korea, Republic of Daejeon-gwangyeoksi
      2 Korea, Republic of Gangwon-do
      1 Korea, Republic of Gwangju-gwangyeoksi
     25 Korea, Republic of Gyeonggi-do
      2 Korea, Republic of Gyeongsangnam-do
      2 Korea, Republic of Incheon-gwangyeoksi
     23 Korea, Republic of Jeollabuk-do
      2 Korea, Republic of Jeollanam-do
     19 Korea, Republic of Seoul-teukbyeolsi
      1 Kuwait Al Ahmadi
      3 Kuwait Al 'Asimah
      1 Kuwait Hawalli
      1 Latvia Riga
     32 Lithuania Vilniaus apskritis
      3 Malaysia Johor
      6 Malaysia Kedah
      1 Malaysia Kelantan
      1 Malaysia Negeri Sembilan
      6 Malaysia Pulau Pinang
      2 Malaysia Sabah
     39 Malaysia Selangor
      2 Malaysia Terengganu
     19 Malaysia Wilayah Persekutuan Kuala Lumpur
      1 Malaysia Wilayah Persekutuan Putrajaya
      2 Mexico Baja California
      1 Mexico Chihuahua
      2 Mexico Ciudad de Mexico
      1 Mexico Durango
      1 Mexico Guanajuato
      3 Mexico Guerrero
      1 Mexico Jalisco
      1 Mexico Mexico
      5 Mexico Nayarit
      1 Mexico Veracruz de Ignacio de la Llave
      1 Moldova, Republic of Chisinau
     27 Netherlands -
     27 Netherlands Flevoland
      1 Netherlands Fryslan
     14 Netherlands Gelderland
      3 Netherlands Limburg
      8 Netherlands Noord-Brabant
    197 Netherlands Noord-Holland
      6 Netherlands Overijssel
      2 Netherlands Utrecht
      1 Netherlands Zeeland
     25 Netherlands Zuid-Holland
      1 New Zealand -
     10 New Zealand Auckland
      2 New Zealand Waikato
      1 New Zealand Wellington
      1 Nigeria Lagos
      1 Norway -
      2 Norway Akershus
      1 Norway Nordland
      3 Norway Oslo
      4 Norway Sor-Trondelag
      4 Norway Troms
      2 Norway Vestfold
      6 Pakistan Punjab
      3 Pakistan Sindh
      2 Peru Junin
      1 Peru Lambayeque
      9 Peru Lima
      2 Philippines Aklan
      2 Philippines Cavite
      2 Philippines National Capital Region
      2 Philippines Negros Occidental
     11 Philippines Tarlac
     16 Poland Dolnoslaskie
      6 Poland Lubuskie
      6 Poland Malopolskie
     48 Poland Mazowieckie
      1 Poland Opolskie
      4 Poland Pomorskie
      7 Poland Slaskie
      1 Poland Wielkopolskie
     21 Portugal Lisboa
      2 Qatar Ad Dawhah
      1 Qatar Ar Rayyan
      1 Romania Arges
      1 Romania Bistrita-Nasaud
     10 Romania Botosani
     41 Romania Bucuresti
      1 Romania Buzau
      7 Romania Cluj
      6 Romania Constanta
      1 Romania Dolj
      1 Romania Galati
      3 Romania Ilfov
     11 Romania Mures
      2 Romania Prahova
      3 Romania Suceava
      1 Romania Vaslui
      6 Russian Federation Bashkortostan, Respublika
     11 Russian Federation Belgorodskaya oblast'
      5 Russian Federation Chelyabinskaya oblast'
      1 Russian Federation Chuvashskaya Respublika
      1 Russian Federation Dagestan, Respublika
      4 Russian Federation Irkutskaya oblast'
      5 Russian Federation Ivanovskaya oblast'
      1 Russian Federation Kareliya, Respublika
      4 Russian Federation Kemerovskaya oblast'
      2 Russian Federation Khabarovskiy kray
      7 Russian Federation Krasnodarskiy kray
      4 Russian Federation Krasnoyarskiy kray
      6 Russian Federation Leningradskaya oblast'
      1 Russian Federation Magadanskaya oblast'
      1 Russian Federation Mariy El, Respublika
      8 Russian Federation Mordoviya, Respublika
     25 Russian Federation Moskovskaya oblast'
     42 Russian Federation Moskva
     48 Russian Federation Murmanskaya oblast'
      2 Russian Federation Nizhegorodskaya oblast'
     28 Russian Federation Novosibirskaya oblast'
      2 Russian Federation Omskaya oblast'
      2 Russian Federation Orenburgskaya oblast'
      1 Russian Federation Orlovskaya oblast'
      2 Russian Federation Penzenskaya oblast'
      1 Russian Federation Permskiy kray
      1 Russian Federation Primorskiy kray
      7 Russian Federation Rostovskaya oblast'
      4 Russian Federation Ryazanskaya oblast'
      4 Russian Federation Samarskaya oblast'
     28 Russian Federation Sankt-Peterburg
      3 Russian Federation Saratovskaya oblast'
      2 Russian Federation Stavropol'skiy kray
     10 Russian Federation Sverdlovskaya oblast'
      5 Russian Federation Tatarstan, Respublika
      2 Russian Federation Tomskaya oblast'
      9 Russian Federation Tyumenskaya oblast'
      1 Russian Federation Udmurtskaya Respublika
      1 Russian Federation Volgogradskaya oblast'
      5 Russian Federation Vologodskaya oblast'
      1 Russian Federation Voronezhskaya oblast'
      3 Saudi Arabia Al Jawf
      3 Saudi Arabia Ar Riyad
      1 Serbia Nisavski okrug
      1 Serbia Rasinski okrug
      1 Serbia Zlatiborski okrug
    128 Singapore Singapore
      1 Slovakia Banskobystricky kraj
      1 Slovakia Bratislavsky kraj
      1 Slovakia Nitriansky kraj
      3 Slovakia Trnavsky kraj
      2 Slovenia Kranj
      3 Slovenia Ljubljana
      1 Slovenia Maribor
      1 Slovenia Ptuj
      1 Slovenia Skofja Loka
      4 South Africa Gauteng
      1 South Africa Western Cape
      3 Spain Andalucia
      1 Spain Castilla-La Mancha
      1 Spain Catalunya
     15 Spain Madrid, Comunidad de
      1 Spain Pais Vasco
      4 Spain Valenciana, Comunidad
      2 Sweden Ostergotlands lan
      7 Sweden Stockholms lan
      1 Switzerland Aargau
      1 Switzerland Basel-Stadt
     12 Switzerland Bern
      3 Switzerland Fribourg
      1 Switzerland Geneve
      1 Switzerland Sankt Gallen
      1 Switzerland Solothurn
      1 Switzerland Vaud
     13 Switzerland Zurich
      9 Taiwan, Province of China Taichung
     48 Taiwan, Province of China Taipei
      1 Taiwan, Province of China Taoyuan
      1 Taiwan, Province of China Yunlin
     22 Thailand Bueng Kan
      1 Thailand Chachoengsao
      6 Thailand Chon Buri
      5 Thailand Chumphon
      1 Thailand Kalasin
      1 Thailand Khon Kaen
      1 Thailand Krabi
      6 Thailand Krung Thep Maha Nakhon
      2 Thailand Lampang
      2 Thailand Nakhon Phanom
      1 Thailand Nakhon Ratchasima
      2 Thailand Nakhon Si Thammarat
      2 Thailand Nonthaburi
      9 Thailand Pathum Thani
      2 Thailand Phangnga
      2 Thailand Phuket
      1 Thailand Prachuap Khiri Khan
      1 Thailand Ranong
      1 Thailand Ratchaburi
      3 Thailand Rayong
      2 Thailand Samut Prakan
      3 Thailand Samut Sakhon
      2 Thailand Saraburi
      1 Thailand Satun
      5 Thailand Surat Thani
      1 Thailand Surin
      2 Thailand Trang
      2 Trinidad and Tobago Port of Spain
      1 Trinidad and Tobago San Juan-Laventille
      3 Trinidad and Tobago Tobago
      1 Turkey -
      1 Turkey Adana
      4 Turkey Ankara
      2 Turkey Denizli
      1 Turkey Istanbul
      7 Ukraine Avtonomna Respublika Krym
      2 Ukraine Cherkaska oblast
      3 Ukraine Dnipropetrovska oblast
      1 Ukraine Donetska oblast
      1 Ukraine Ivano-Frankivska oblast
      3 Ukraine Kharkivska oblast
      1 Ukraine Khersonska oblast
      8 Ukraine Kyiv
      3 Ukraine Kyivska oblast
      1 Ukraine Mykolaivska oblast
      2 Ukraine Odeska oblast
      1 Ukraine Rivnenska oblast
     19 Ukraine Vinnytska oblast
      1 Ukraine Zaporizka oblast
      1 United Arab Emirates Abu Zaby
      2 United Arab Emirates 'Ajman
      1 United Arab Emirates Ash Shariqah
      1 United Arab Emirates Dubayy
      1 United Arab Emirates Umm al Qaywayn
     31 United Kingdom -
    296 United Kingdom England
      2 United Kingdom Northern Ireland
      5 United Kingdom Scotland
      6 United Kingdom Wales
     36 United States Alabama
     33 United States Arizona
      2 United States Arkansas
    506 United States California
    159 United States Colorado
      5 United States Connecticut
     12 United States Delaware
      1 United States District of Columbia
    165 United States Florida
    230 United States Georgia
      4 United States Hawaii
    338 United States Illinois
      4 United States Indiana
      3 United States Iowa
      9 United States Kansas
      5 United States Kentucky
     13 United States Louisiana
      3 United States Maine
    337 United States Maryland
    131 United States Massachusetts
     33 United States Michigan
      9 United States Minnesota
      1 United States Mississippi
     19 United States Missouri
      7 United States Nebraska
     10 United States Nevada
     20 United States New Hampshire
    895 United States New Jersey
      4 United States New Mexico
    233 United States New York
     37 United States North Carolina
     27 United States Ohio
      9 United States Oklahoma
     25 United States Oregon
     40 United States Pennsylvania
      1 United States Rhode Island
      7 United States South Carolina
      2 United States South Dakota
     14 United States Tennessee
    351 United States Texas
      6 United States Utah
     13 United States Vermont
    225 United States Virginia
     90 United States Washington
     12 United States Wisconsin
     11 United States Wyoming
      4 Uruguay Canelones
      1 Uruguay Cerro Largo
     36 Uruguay Montevideo
      1 Uruguay Paysandu
      1 Uruguay Rocha
      5 Uruguay Salto
      1 Uzbekistan Toshkent
      1 Venezuela, Bolivarian Republic of Anzoategui
      1 Venezuela, Bolivarian Republic of Aragua
      5 Venezuela, Bolivarian Republic of Distrito Capital
      3 Venezuela, Bolivarian Republic of Miranda
      1 Viet Nam Binh Thuan
      7 Viet Nam Dak Nong
      2 Viet Nam Dong Nai
      5 Viet Nam Hai Duong
      2 Viet Nam Hai Phong
     20 Viet Nam Ha Noi
      6 Viet Nam Ho Chi Minh
      1 Viet Nam Hung Yen
      1 Yemen Hadramawt
